C51 COMPILER V7.06   MAIN                                                                  03/22/2013 05:09:41 PAGE 1   


C51 COMPILER V7.06, COMPILATION OF MODULE MAIN
OBJECT MODULE PLACED IN main.OBJ
COMPILER INVOKED BY: C:\Keil\C51\BIN\C51.EXE main.c LARGE OPTIMIZE(9,SPEED) BROWSE DEBUG OBJECTEXTEND

stmt level    source

   1          #include<reg52.h>
   2          #include"section.h"
   3          #include"LCD_driver.h"
   4          
   5          unsigned char W;//占空比0-100将一个周期分为100份
   6          //extern xdata u8 record_data[50];
   7          extern char srec;
   8          extern bit erec;
   9          //extern unsigned int rotset,rotact;
  10          
  11          void Init_t0(void)
  12          {
  13   1          W=0;
  14   1              EA=1;
  15   1              TMOD=0X51;
  16   1              TH0=248;//0xfd;
  17   1              TL0=48;//0x17;
  18   1              TH1=0;
  19   1              TL1=0;
  20   1              ET0=1;
  21   1              ET1=1;
  22   1              ET2=1;
  23   1              TR0=1;
  24   1              TR1=1;
  25   1              EX0=0;
  26   1              EX1=0;
  27   1              ES=0;
  28   1              IT0=1;
  29   1      }       
  30          
  31          main()
  32          {
  33   1              Init_t0();
  34   1              srec=-1;
  35   1              erec=0;
  36   1              while(1)
  37   1              {
  38   2                      StartUI();
  39   2              }
  40   1      }


MODULE INFORMATION:   STATIC OVERLAYABLE
   CODE SIZE        =     55    ----
   CONSTANT SIZE    =   ----    ----
   XDATA SIZE       =      1    ----
   PDATA SIZE       =   ----    ----
   DATA SIZE        =   ----    ----
   IDATA SIZE       =   ----    ----
   BIT SIZE         =   ----    ----
END OF MODULE INFORMATION.


C51 COMPILATION COMPLETE.  0 WARNING(S),  0 ERROR(S)
